"../../../Engine/Content/Functions/Engine_MaterialFunctions01/Opacity/CameraDepthFade.uasset" 0
"../../../Engine/Content/EngineMaterials/T_Default_Material_Grid_M.uasset" 1
"../../../Engine/Content/EngineMaterials/T_Default_Material_Grid_N.uasset" 2
"../../../Engine/Content/EngineMaterials/WorldGridMaterial.uasset" 3
"../../../Engine/Content/ArtTools/RenderToTexture/Meshes/S_1_Unit_Plane.uasset" 4
"../../../Engine/Content/EngineMaterials/DefaultMaterial.uasset" 5
"../../../Engine/Content/BasicShapes/Cylinder.uasset" 6
"../../../Engine/Content/EditorLandscapeResources/DataLayer.uasset" 7
"../../../Engine/Content/EditorMaterials/GizmoMaterial.uasset" 8
"../../../Engine/Content/EditorMaterials/MAT_Groups_Toggle.uasset" 9
"../../../Engine/Content/EditorMaterials/MAT_Groups_Visibility.uasset" 10
"../../../Engine/Content/EditorMaterials/PreviewShadowIndicator.uasset" 11
"../../../Engine/Content/EditorMaterials/PreviewShadowIndicatorMaterial.uasset" 12
"../../../Engine/Content/EditorMaterials/MatineeGroups/MAT_ColorTrack.uasset" 13
"../../../Engine/Content/EditorMaterials/MatineeGroups/MAT_Groups_Anim.uasset" 14
"../../../Engine/Content/EditorMaterials/MatineeGroups/MAT_Groups_AudioMaster.uasset" 15
"../../../Engine/Content/EditorMaterials/MatineeGroups/MAT_Groups_Director.uasset" 16
"../../../Engine/Content/EditorMaterials/MatineeGroups/MAT_Groups_Event.uasset" 17
"../../../Engine/Content/EditorMaterials/MatineeGroups/MAT_Groups_Fade.uasset" 18
"../../../Engine/Content/EditorMaterials/MatineeGroups/MAT_Groups_Float.uasset" 19
"../../../Engine/Content/EditorMaterials/MatineeGroups/MAT_Groups_Move.uasset" 20
"../../../Engine/Content/EditorMaterials/MatineeGroups/MAT_Groups_Slomo.uasset" 21
"../../../Engine/Content/EditorMaterials/MatineeGroups/MAT_Groups_Sound.uasset" 22
"../../../Engine/Content/EditorMaterials/MatineeGroups/MAT_Groups_Vector.uasset" 23
"../../../Engine/Content/EditorMaterials/ParticleSystems/PSysThumbnail_NoImage.uasset" 24
"../../../Engine/Content/EditorMaterials/ParticleSystems/PSysThumbnail_OOD.uasset" 25
"../../../Engine/Content/EditorMaterials/Camera/CineMat.uasset" 26
"../../../Engine/Content/EditorMaterials/Camera/MI_CineMat_Rig.uasset" 27
"../../../Engine/Content/EditorMeshes/Camera/SM_CraneRig_Arm.uasset" 28
"../../../Engine/Content/EditorMeshes/Camera/SM_CraneRig_Base.uasset" 29
"../../../Engine/Content/EditorMeshes/Camera/SM_CraneRig_Body.uasset" 30
"../../../Engine/Content/EditorMeshes/Camera/SM_CraneRig_Mount.uasset" 31
"../../../Engine/Content/EditorMeshes/Camera/SM_RailRig_Mount.uasset" 32
"../../../Engine/Content/EditorMeshes/Camera/SM_RailRig_Track.uasset" 33
"../../../Engine/Content/EditorResources/BSPVertex.uasset" 34
"../../../Engine/Content/EditorResources/EmptyActor.uasset" 35
"../../../Engine/Content/EditorResources/S_Actor.uasset" 36
"../../../Engine/Content/EditorResources/S_Trigger.uasset" 37
"../../../Engine/Content/EditorResources/SequenceRecorder/Countdown.uasset" 38
"../../../Engine/Content/EditorResources/SequenceRecorder/RecordingIndicator.uasset" 39
"../../../Engine/Content/EditorSounds/Notifications/CompileFailed.uasset" 40
"../../../Engine/Content/EditorSounds/Notifications/CompileFailed_Cue.uasset" 41
"../../../Engine/Content/EditorSounds/Notifications/CompileSuccess.uasset" 42
"../../../Engine/Content/EditorSounds/Notifications/CompileStart_Cue.uasset" 43
"../../../Engine/Content/EditorSounds/Notifications/CompileSuccess_Cue.uasset" 44
"../../../Engine/Content/EngineDamageTypes/DmgTypeBP_Environmental.uasset" 45
"../../../Engine/Content/EngineDebugMaterials/HeatmapGradient.uasset" 46
"../../../Engine/Content/EngineDebugMaterials/BoneWeightMaterial.uasset" 47
"../../../Engine/Content/EngineDebugMaterials/ClothMaterial.uasset" 48
"../../../Engine/Content/EngineDebugMaterials/ClothMaterial_WF.uasset" 49
"../../../Engine/Content/EngineDebugMaterials/DebugEditorMaterial.uasset" 50
"../../../Engine/Content/EngineDebugMaterials/DebugMeshMaterial.uasset" 51
"../../../Engine/Content/EngineDebugMaterials/GeomMaterial.uasset" 52
"../../../Engine/Content/EngineDebugMaterials/M_SimpleTranslucent.uasset" 53
"../../../Engine/Content/EngineFonts/Faces/RobotoBold.uasset" 54
"../../../Engine/Content/EngineFonts/Faces/RobotoBoldItalic.uasset" 55
"../../../Engine/Content/EngineFonts/Faces/RobotoItalic.uasset" 56
"../../../Engine/Content/EngineFonts/Faces/RobotoLight.uasset" 57
"../../../Engine/Content/EngineFonts/Faces/RobotoRegular.uasset" 58
"../../../Engine/Content/EngineFonts/Roboto.uasset" 59
"../../../Engine/Content/EngineFonts/Faces/RobotoTiny.uasset" 60
"../../../Engine/Content/EngineFonts/RobotoTiny.uasset" 61
"../../../Engine/Content/EngineMaterials/BaseFlattenDiffuseMap.uasset" 62
"../../../Engine/Content/EngineMaterials/BaseFlattenEmissiveMap.uasset" 63
"../../../Engine/Content/EngineMaterials/BaseFlattenGrayscaleMap.uasset" 64
"../../../Engine/Content/EngineMaterials/BaseFlattenNormalMap.uasset" 65
"../../../Engine/Content/EngineMaterials/BaseFlattenMaterial.uasset" 66
"../../../Engine/Content/EngineMaterials/DefaultBloomKernel.uasset" 67
"../../../Engine/Content/EngineMaterials/DefaultBokeh.uasset" 68
"../../../Engine/Content/EngineMaterials/DefaultDiffuse.uasset" 69
"../../../Engine/Content/EngineMaterials/DefaultDeferredDecalMaterial.uasset" 70
"../../../Engine/Content/EngineMaterials/DefaultLightFunctionMaterial.uasset" 71
"../../../Engine/Content/EngineMaterials/DefaultPhysicalMaterial.uasset" 72
"../../../Engine/Content/Functions/Engine_MaterialFunctions02/Utility/BreakOutFloat2Components.uasset" 73
"../../../Engine/Content/EngineMaterials/DefaultPostProcessMaterial.uasset" 74
"../../../Engine/Content/EngineFonts/RobotoDistanceField.uasset" 75
"../../../Engine/Content/EngineMaterials/DefaultTextMaterialOpaque.uasset" 76
"../../../Engine/Content/EngineMaterials/DefaultWhiteGrid.uasset" 77
"../../../Engine/Content/EngineMaterials/EditorBrushMaterial.uasset" 78
"../../../Engine/Content/EngineMaterials/MiniFont.uasset" 79
"../../../Engine/Content/EngineMaterials/InvalidLightmapSettings.uasset" 80
"../../../Engine/Content/EngineMaterials/M_InvalidLightmapSettings.uasset" 81
"../../../Engine/Content/Functions/Engine_MaterialFunctions02/WorldPositionOffset/CameraOffset.uasset" 82
"../../../Engine/Content/EngineMaterials/PhAT_JointLimitMaterial.uasset" 83
"../../../Engine/Content/EngineMaterials/PreintegratedSkinBRDF.uasset" 84
"../../../Engine/Content/EngineMaterials/RemoveSurfaceMaterial.uasset" 85
"../../../Engine/Content/EngineMaterials/WeightMapPlaceholderTexture.uasset" 86
"../../../Engine/Content/EngineResources/WhiteSquareTexture.uasset" 87
"../../../Engine/Content/EngineMaterials/Widget3DPassThrough.uasset" 88
"../../../Engine/Content/EngineMaterials/Widget3DPassThrough_Masked.uasset" 89
"../../../Engine/Content/EngineMaterials/Widget3DPassThrough_Opaque.uasset" 90
"../../../Engine/Content/EngineMaterials/Widget3DPassThrough_Masked_OneSided.uasset" 91
"../../../Engine/Content/EngineMaterials/Widget3DPassThrough_Opaque_OneSided.uasset" 92
"../../../Engine/Content/EngineMaterials/Widget3DPassThrough_Translucent.uasset" 93
"../../../Engine/Content/EngineMaterials/Widget3DPassThrough_Translucent_OneSided.uasset" 94
"../../../Engine/Content/EngineMeshes/Cylinder.uasset" 95
"../../../Engine/Content/EngineMeshes/Sphere.uasset" 96
"../../../Engine/Content/EngineResources/Black.uasset" 97
"../../../Engine/Content/EngineResources/DefaultTexture.uasset" 98
"../../../Engine/Content/EngineResources/DefaultTextureCube.uasset" 99
"../../../Engine/Content/EngineResources/DefaultVolumeTexture2D.uasset" 100
"../../../Engine/Content/EngineResources/DefaultVolumeTexture.uasset" 101
"../../../Engine/Content/EngineResources/GradientTexture0.uasset" 102
"../../../Engine/Content/EngineSounds/Master.uasset" 103
"../../../Engine/Content/Functions/Engine_MaterialFunctions01/Shading/ConvertFromDiffSpec.uasset" 104
"../../../Engine/Content/Functions/Engine_MaterialFunctions01/Shading/PowerToRoughness.uasset" 105
"../../../Engine/Content/Maps/Templates/Thumbnails/Default.uasset" 106
"../../../Engine/Content/Maps/Templates/Thumbnails/VR-Basic.uasset" 107
"../../../Engine/Content/MobileResources/T_MobileControls_texture.uasset" 108
"../../../Engine/Content/MobileResources/T_MobileMenu2.uasset" 109
"../../../Engine/Content/MobileResources/HUD/AnalogHat.uasset" 110
"../../../Engine/Content/MobileResources/HUD/VirtualJoystick_Background.uasset" 111
"../../../Engine/Content/MobileResources/HUD/VirtualJoystick_Thumb.uasset" 112
"../../../Engine/Content/MobileResources/HUD/DefaultVirtualJoysticks.uasset" 113
"../../../Engine/Content/MobileResources/HUD/LeftVirtualJoystickOnly.uasset" 114
"../../../Engine/Content/MobileResources/HUD/MobileHUDButton1_off.uasset" 115
"../../../Engine/Content/MobileResources/HUD/MobileHUDButton1_on.uasset" 116
"../../../Engine/Content/MobileResources/HUD/MobileHUDButton2_off.uasset" 117
"../../../Engine/Content/MobileResources/HUD/MobileHUDButton2_on.uasset" 118
"../../../Engine/Content/MobileResources/HUD/MobileHUDButton3.uasset" 119
"../../../Engine/Content/MobileResources/HUD/MobileHUDButtonFire.uasset" 120
"../../../Engine/Content/MobileResources/HUD/MobileHUDDirectionPad.uasset" 121
"../../../Engine/Content/MobileResources/HUD/MobileHUDDirectionPad2.uasset" 122
"../../../Engine/Content/MobileResources/HUD/MobileHUDDirectionPad3.uasset" 123
"../../../Engine/Content/MobileResources/HUD/MobileHUDDirectionStick.uasset" 124
"../../../Engine/Content/MobileResources/HUD/T_Castle_ThumbstickInner.uasset" 125
"../../../Engine/Content/MobileResources/HUD/T_Castle_ThumbstickOutter.uasset" 126
"../../../Engine/Content/Tutorial/ContentIntroCurve.uasset" 127
"../../../Engine/Content/VREditor/LaserPointer/VR_LaserPower_01.uasset" 128
"../../../Engine/Content/VREditor/TransformGizmo/TransformGizmoMaterial.uasset" 129
"../../../Engine/Content/VREditor/TransformGizmo/TranslucentTransformGizmoMaterial.uasset" 130
"../../../Engine/Content/VREditor/TransformGizmo/BoundingBoxCorner.uasset" 131
"../../../Engine/Content/VREditor/TransformGizmo/BoundingBoxEdge.uasset" 132
"../../../Engine/Content/VREditor/TransformGizmo/PlaneTranslationHandle.uasset" 133
"../../../Engine/Content/VREditor/TransformGizmo/Main.uasset" 134
"../../../Engine/Content/VREditor/TransformGizmo/Xray.uasset" 135
"../../../Engine/Content/VREditor/TransformGizmo/SM_Sequencer_Key.uasset" 136
"../../../Engine/Content/VREditor/TransformGizmo/SM_Sequencer_Node.uasset" 137
"../../Plugins/2D/Paper2D/Content/PlaceholderTextures/DummySpriteTexture.uasset" 138
"../../Plugins/2D/Paper2D/Content/DummySprite.uasset" 139
"../../Plugins/2D/Paper2D/Content/DefaultPaperTerrainMaterial.uasset" 140
"../../Plugins/2D/Paper2D/Content/DefaultSpriteMaterial.uasset" 141
"../../Plugins/2D/Paper2D/Content/MaskedUnlitSpriteMaterial.uasset" 142
"../../Plugins/2D/Paper2D/Content/OpaqueUnlitSpriteMaterial.uasset" 143
"../../Plugins/Runtime/Oculus/OculusVR/Content/Materials/PokeAHoleMaterial.uasset" 144
"../../Plugins/Runtime/Oculus/OculusVR/Content/Textures/GearVRController_AO.uasset" 145
"../../Plugins/Runtime/Oculus/OculusVR/Content/Textures/GearVRController_Color.uasset" 146
"../../Plugins/Runtime/Oculus/OculusVR/Content/Textures/GearVRController_Normal.uasset" 147
"../../Plugins/Runtime/Oculus/OculusVR/Content/Materials/GearVRControllerMaterial.uasset" 148
"../../Plugins/Runtime/Oculus/OculusVR/Content/Meshes/GearVrController.uasset" 149
"../../Plugins/Runtime/Oculus/OculusVR/Content/Textures/touchController_albedo.uasset" 150
"../../Plugins/Runtime/Oculus/OculusVR/Content/Textures/touchController_controlmap.uasset" 151
"../../Plugins/Runtime/Oculus/OculusVR/Content/Materials/touchController_mat.uasset" 152
"../../Plugins/Runtime/Oculus/OculusVR/Content/Meshes/LeftTouchController.uasset" 153
"../../Plugins/Runtime/Oculus/OculusVR/Content/Meshes/RiftHMD.uasset" 154
"../../Plugins/Runtime/Oculus/OculusVR/Content/Meshes/RightTouchController.uasset" 155
"../../../../../../Users/etudiant/Documents/PPJ/ProjectUnreal/TABProject11/Content/HandsForVR_Sci-Fi/Meshes/VR_alien_hand/VR_alien_hand_R_Skeleton.uasset" 156
"../../../../../../Users/etudiant/Documents/PPJ/ProjectUnreal/TABProject11/Content/HandsForVR_Sci-Fi/Meshes/VR_alien_hand/VR_alien_hand_closed.uasset" 157
"../../../../../../Users/etudiant/Documents/PPJ/ProjectUnreal/TABProject11/Content/HandsForVR_Sci-Fi/Meshes/VR_alien_hand/VR_alien_hand_R_CanGrab.uasset" 158
"../../../../../../Users/etudiant/Documents/PPJ/ProjectUnreal/TABProject11/Content/HandsForVR_Sci-Fi/Meshes/VR_alien_hand/VR_alien_hand_R_open.uasset" 159
"../../../../../../Users/etudiant/Documents/PPJ/ProjectUnreal/TABProject11/Content/HandsForVR_Sci-Fi/Meshes/VR_alien_hand/VR_alien_hand_R_Skeleton_BS.uasset" 160
"../../../../../../Users/etudiant/Documents/PPJ/ProjectUnreal/TABProject11/Content/VirtualRealityBP/Blueprints/GripEnum.uasset" 161
"../../../../../../Users/etudiant/Documents/PPJ/ProjectUnreal/TABProject11/Content/HandsForVR_Sci-Fi/Meshes/VR_alien_hand/VR_alien_hand_R_Skeleton_AnimBlueprint.uasset" 162
"../../../Engine/Content/EditorBlueprintResources/StandardMacros.uasset" 163
"../../../Engine/Content/Functions/Engine_MaterialFunctions01/Density/ExponentialDensity.uasset" 164
"../../../Engine/Content/Functions/Engine_MaterialFunctions01/Gradient/RadialGradientExponential.uasset" 165
"../../../../../../Users/etudiant/Documents/PPJ/ProjectUnreal/TABProject11/Content/PFE/Blueprint/BulletsOrWeapon/Bullets/Materials/LaserMat.uasset" 166
"../../../../../../Users/etudiant/Documents/PPJ/ProjectUnreal/TABProject11/Content/StarterContent/Textures/T_Concrete_Tiles_D.uasset" 167
"../../../../../../Users/etudiant/Documents/PPJ/ProjectUnreal/TABProject11/Content/StarterContent/Textures/T_Concrete_Tiles_M.uasset" 168
"../../../../../../Users/etudiant/Documents/PPJ/ProjectUnreal/TABProject11/Content/StarterContent/Textures/T_Concrete_Tiles_N.uasset" 169
"../../../../../../Users/etudiant/Documents/PPJ/ProjectUnreal/TABProject11/Content/StarterContent/Textures/T_Concrete_Tiles_Variation_M.uasset" 170
"../../../../../../Users/etudiant/Documents/PPJ/ProjectUnreal/TABProject11/Content/StarterContent/Textures/T_MacroVariation.uasset" 171
"../../../../../../Users/etudiant/Documents/PPJ/ProjectUnreal/TABProject11/Content/StarterContent/Materials/M_Concrete_Tiles.uasset" 172
"../../../Engine/Content/BasicShapes/Cone.uasset" 173
"../../../Engine/Content/BasicShapes/Sphere.uasset" 174
"../../../../../../Users/etudiant/Documents/PPJ/ProjectUnreal/TABProject11/Content/PFE/Ajeter/Character1.uasset" 175
"../../../../../../Users/etudiant/Documents/PPJ/ProjectUnreal/TABProject11/Content/PFE/Blueprint/BulletsOrWeapon/Bullets/LaserVR.uasset" 176
"../../../../../../Users/etudiant/Documents/PPJ/ProjectUnreal/TABProject11/Content/PFE/Blueprint/BulletsOrWeapon/Weapons/WeaponType.uasset" 177
"../../../../../../Users/etudiant/Documents/PPJ/ProjectUnreal/TABProject11/Content/PFE/Blueprint/BulletsOrWeapon/Weapons/BP_BaseWeapon.uasset" 178
"../../../Engine/Content/Functions/Engine_MaterialFunctions02/Utility/BreakOutFloat3Components.uasset" 179
"../../../Engine/Content/VREditor/Devices/Vive/VivePreController_MasksB.uasset" 180
"../../../Engine/Content/VREditor/Devices/Oculus/OculusControllerMaterial.uasset" 181
"../../../Engine/Content/VREditor/Devices/Oculus/OculusControllerMaterial_Inst.uasset" 182
"../../../Engine/Content/VREditor/Devices/Oculus/OculusControllerMesh.uasset" 183
"../../../../../../Users/etudiant/Documents/PPJ/ProjectUnreal/TABProject11/Content/PFE/Blueprint/BulletsOrWeapon/Weapons/BP_Claw.uasset" 184
"../../../Engine/Content/BasicShapes/BasicShapeMaterial.uasset" 185
"../../../Engine/Content/BasicShapes/Cube.uasset" 186
"../../../../../../Users/etudiant/Documents/PPJ/ProjectUnreal/TABProject11/Content/PFE/Blueprint/BulletsOrWeapon/Weapons/BP_Sword.uasset" 187
"../../../../../../Users/etudiant/Documents/PPJ/ProjectUnreal/TABProject11/Content/PFE/Blueprint/GameInstance/GameInstance_PFE.uasset" 188
"../../../../../../Users/etudiant/Documents/PPJ/ProjectUnreal/TABProject11/Content/PFE/Blueprint/J1/Hand.uasset" 189
"../../../../../../Users/etudiant/Documents/PPJ/ProjectUnreal/TABProject11/Content/DroneBot/Meshes/DroneBot_Skeleton.uasset" 190
"../../../../../../Users/etudiant/Documents/PPJ/ProjectUnreal/TABProject11/Content/DroneBot/Animations/DroneBot_Idle1.uasset" 191
"../../../../../../Users/etudiant/Documents/PPJ/ProjectUnreal/TABProject11/Content/DroneBot/Animations/DroneBot_Move_forward.uasset" 192
"../../../../../../Users/etudiant/Documents/PPJ/ProjectUnreal/TABProject11/Content/PFE/Blueprint/J2/DroneAnim1D.uasset" 193
"../../../../../../Users/etudiant/Documents/PPJ/ProjectUnreal/TABProject11/Content/PFE/Blueprint/J2/DroneAnimBp.uasset" 194
"../../../../../../Users/etudiant/Documents/PPJ/ProjectUnreal/TABProject11/Content/PFE/Blueprint/BulletsOrWeapon/Bullets/Laser.uasset" 195
"../../../../../../Users/etudiant/Documents/PPJ/ProjectUnreal/TABProject11/Content/PFE/Blueprint/BulletsOrWeapon/Bullets/Materials/LaserMatTurret.uasset" 196
"../../../../../../Users/etudiant/Documents/PPJ/ProjectUnreal/TABProject11/Content/PFE/Blueprint/BulletsOrWeapon/Bullets/LaserTurret.uasset" 197
"../../../../../../Users/etudiant/Documents/PPJ/ProjectUnreal/TABProject11/Content/PFE/Material/Blachole/Blackhole_M.uasset" 198
"../../../../../../Users/etudiant/Documents/PPJ/ProjectUnreal/TABProject11/Content/PFE/Material/Blachole/Blackhole_M_Inst.uasset" 199
"../../../../../../Users/etudiant/Documents/PPJ/ProjectUnreal/TABProject11/Content/PFE/Blueprint/Cristals/Blackhole.uasset" 200
"../../../../../../Users/etudiant/Documents/PPJ/ProjectUnreal/TABProject11/Content/VRTemplate/ExampleContent/VR_Trace_Interaction/Materials/M_TeleportEdgeMaterial.uasset" 201
"../../../../../../Users/etudiant/Documents/PPJ/ProjectUnreal/TABProject11/Content/VRTemplate/ExampleContent/VR_Trace_Interaction/Materials/M_BloomPlane.uasset" 202
"../../../../../../Users/etudiant/Documents/PPJ/ProjectUnreal/TABProject11/Content/VRTemplate/ExampleContent/VR_Trace_Interaction/Materials/M_BloomPlane_Green.uasset" 203
"../../../../../../Users/etudiant/Documents/PPJ/ProjectUnreal/TABProject11/Content/VRTemplate/ExampleContent/VR_Trace_Interaction/Materials/M_TeleportSolid.uasset" 204
"../../../../../../Users/etudiant/Documents/PPJ/ProjectUnreal/TABProject11/Content/VRTemplate/ExampleContent/VR_Trace_Interaction/Materials/M_TeleportSolid_Green.uasset" 205
"../../../../../../Users/etudiant/Documents/PPJ/ProjectUnreal/TABProject11/Content/VRTemplate/ExampleContent/VR_Trace_Interaction/Meshes/S_1_Unit_Plane_Offset.uasset" 206
"../../../../../../Users/etudiant/Documents/PPJ/ProjectUnreal/TABProject11/Content/VRTemplate/ExampleContent/VR_Trace_Interaction/Meshes/S_CaplessCylinder.uasset" 207
"../../../../../../Users/etudiant/Documents/PPJ/ProjectUnreal/TABProject11/Content/VRTemplate/ExampleContent/VR_Trace_Interaction/Meshes/S_Pipe.uasset" 208
"../../../../../../Users/etudiant/Documents/PPJ/ProjectUnreal/TABProject11/Content/PFE/Blueprint/NotMine/BP_TeleportPreview.uasset" 209
"../../../../../../Users/etudiant/Documents/PPJ/ProjectUnreal/TABProject11/Content/VRTemplate/ExampleContent/VR_Trace_Interaction/Meshes/S_TraceVisualiseCylinder.uasset" 210
"../../../../../../Users/etudiant/Documents/PPJ/ProjectUnreal/TABProject11/Content/VRTemplate/ExampleContent/VR_Trace_Interaction/Blueprints/BP_TraceVisualiser.uasset" 211
"../../../../../../Users/etudiant/Documents/PPJ/ProjectUnreal/TABProject11/Content/VRTemplate/ExampleContent/VR_Trace_Interaction/Blueprints/Interfaces/BPI_TraceInteractionInterface.uasset" 212
"../../../../../../Users/etudiant/Documents/PPJ/ProjectUnreal/TABProject11/Content/VRTemplate/ExampleContent/VR_Trace_Interaction/Blueprints/Enums/EInteractionTraceTypes.uasset" 213
"../../../../../../Users/etudiant/Documents/PPJ/ProjectUnreal/TABProject11/Content/VRTemplate/ExampleContent/VR_Trace_Interaction/Blueprints/Components/BP_TraceInteractor.uasset" 214
"../../../Engine/Content/EditorMaterials/CompositeARGBLayer.uasset" 215
"../../../Engine/Content/EditorMaterials/TilingAALineIntegral.uasset" 216
"../../../Engine/Content/EditorMaterials/TilingAALineBoxFiltered.uasset" 217
"../../../Engine/Content/Functions/Engine_MaterialFunctions03/Procedurals/ComputeFilterWidth.uasset" 218
"../../../Engine/Content/EditorMaterials/TilingAADots.uasset" 219
"../../../Engine/Content/EngineMaterials/BlendFunc_DefBase.uasset" 220
"../../../Engine/Content/EngineMaterials/BlendFunc_DefBlend.uasset" 221
"../../../Engine/Content/Functions/Engine_MaterialFunctions03/Blends/Blend_Screen.uasset" 222
"../../../Engine/Content/EditorMaterials/TilingAAGrid.uasset" 223
"../../../../../../Users/etudiant/Documents/PPJ/ProjectUnreal/TABProject11/Content/VRTemplate/ExampleContent/VR_Trace_Interaction/Materials/M_TeleportGridMaterial.uasset" 224
"../../../Engine/Content/EditorResources/Spawn_Point.uasset" 225
"../../../../../../Users/etudiant/Documents/PPJ/ProjectUnreal/TABProject11/Content/PFE/Blueprint/NotMine/BP_TeleportArea.uasset" 226
"../../../../../../Users/etudiant/Documents/PPJ/ProjectUnreal/TABProject11/Content/PFE/Blueprint/Cristals/Materials/Cristals.uasset" 227
"../../../../../../Users/etudiant/Documents/PPJ/ProjectUnreal/TABProject11/Content/PFE/Blueprint/Cristals/Materials/Cristals_Inst.uasset" 228
"../../../../../../Users/etudiant/Documents/PPJ/ProjectUnreal/TABProject11/Content/PFE/Blueprint/Cristals/InactiveCrystalLife.uasset" 229
"../../../../../../Users/etudiant/Documents/PPJ/ProjectUnreal/TABProject11/Content/PFE/Material/Ping/Ping.uasset" 230
"../../../../../../Users/etudiant/Documents/PPJ/ProjectUnreal/TABProject11/Content/PFE/Material/Ping/Ping_Inst.uasset" 231
"../../../../../../Users/etudiant/Documents/PPJ/ProjectUnreal/TABProject11/Content/DroneBot/Textures/T_DronBot_BaseColor.uasset" 232
"../../../../../../Users/etudiant/Documents/PPJ/ProjectUnreal/TABProject11/Content/DroneBot/Textures/T_DronBot_Emissive.uasset" 233
"../../../../../../Users/etudiant/Documents/PPJ/ProjectUnreal/TABProject11/Content/DroneBot/Textures/T_DronBot_Normal.uasset" 234
"../../../../../../Users/etudiant/Documents/PPJ/ProjectUnreal/TABProject11/Content/DroneBot/Textures/T_DronBot_OcclusionRoughnessMetallic.uasset" 235
"../../../../../../Users/etudiant/Documents/PPJ/ProjectUnreal/TABProject11/Content/DroneBot/Materials/M_DroneBot.uasset" 236
"../../../../../../Users/etudiant/Documents/PPJ/ProjectUnreal/TABProject11/Content/DroneBot/Textures/T_DronBot_Flame_AlbedoTransparency.uasset" 237
"../../../../../../Users/etudiant/Documents/PPJ/ProjectUnreal/TABProject11/Content/DroneBot/Materials/M_DroneBot_Flame.uasset" 238
"../../../../../../Users/etudiant/Documents/PPJ/ProjectUnreal/TABProject11/Content/DroneBot/Meshes/DroneBot_PhysicsAsset.uasset" 239
"../../../../../../Users/etudiant/Documents/PPJ/ProjectUnreal/TABProject11/Content/DroneBot/Meshes/DroneBot.uasset" 240
"../../../../../../Users/etudiant/Documents/PPJ/ProjectUnreal/TABProject11/Content/PFE/Blueprint/J2/Minimaptarget.uasset" 241
"../../../../../../Users/etudiant/Documents/PPJ/ProjectUnreal/TABProject11/Content/PFE/Blueprint/Widget/P2/HUD_P2.uasset" 242
"../../../../../../Users/etudiant/Documents/PPJ/ProjectUnreal/TABProject11/Content/PFE/Blueprint/Widget/P2/PauseMenu.uasset" 243
"../../../../../../Users/etudiant/Documents/PPJ/ProjectUnreal/TABProject11/Content/PFE/Blueprint/J2/Player2.uasset" 244
"../../../Engine/Content/EngineMeshes/Humanoid.uasset" 245
"../../../../../../Users/etudiant/Documents/PPJ/ProjectUnreal/TABProject11/Content/PFE/Hands/Meshes/Hand+ForearmArmor_Skeleton.uasset" 246
"../../../../../../Users/etudiant/Documents/PPJ/ProjectUnreal/TABProject11/Content/IDDLE_HAND_R_Third_shell_Anim.uasset" 247
"../../../../../../Users/etudiant/Documents/PPJ/ProjectUnreal/TABProject11/Content/PFE/Hands/Meshes/IddlHandR.uasset" 248
"../../../../../../Users/etudiant/Documents/PPJ/ProjectUnreal/TABProject11/Content/PFE/Hands/Textures/Forearm_armor/forearm_Low_AROUND_BaseColor.uasset" 249
"../../../../../../Users/etudiant/Documents/PPJ/ProjectUnreal/TABProject11/Content/PFE/Hands/Textures/Forearm_armor/forearm_Low_AROUND_Normal.uasset" 250
"../../../../../../Users/etudiant/Documents/PPJ/ProjectUnreal/TABProject11/Content/PFE/Hands/Textures/Forearm_armor/forearm_Low_AROUND_Roughness.uasset" 251
"../../../../../../Users/etudiant/Documents/PPJ/ProjectUnreal/TABProject11/Content/PFE/Hands/Materials/Forearm_AROUND.uasset" 252
"../../../../../../Users/etudiant/Documents/PPJ/ProjectUnreal/TABProject11/Content/PFE/Hands/Textures/Forearm_armor/forearm_Low_CYLINDER_BaseColor.uasset" 253
"../../../../../../Users/etudiant/Documents/PPJ/ProjectUnreal/TABProject11/Content/PFE/Hands/Textures/Forearm_armor/forearm_Low_CYLINDER_Normal.uasset" 254
"../../../../../../Users/etudiant/Documents/PPJ/ProjectUnreal/TABProject11/Content/PFE/Hands/Textures/Forearm_armor/forearm_Low_CYLINDER_Roughness.uasset" 255
"../../../../../../Users/etudiant/Documents/PPJ/ProjectUnreal/TABProject11/Content/PFE/Hands/Materials/Forearm_CYLINDER.uasset" 256
"../../../../../../Users/etudiant/Documents/PPJ/ProjectUnreal/TABProject11/Content/PFE/Hands/Textures/Forearm_armor/forearm_Low_SIDE_BaseColor.uasset" 257
"../../../../../../Users/etudiant/Documents/PPJ/ProjectUnreal/TABProject11/Content/PFE/Hands/Textures/Forearm_armor/forearm_Low_SIDE_Normal.uasset" 258
"../../../../../../Users/etudiant/Documents/PPJ/ProjectUnreal/TABProject11/Content/PFE/Hands/Textures/Forearm_armor/forearm_Low_SIDE_Roughness.uasset" 259
"../../../../../../Users/etudiant/Documents/PPJ/ProjectUnreal/TABProject11/Content/PFE/Hands/Materials/Forearm_SIDE.uasset" 260
"../../../../../../Users/etudiant/Documents/PPJ/ProjectUnreal/TABProject11/Content/PFE/Hands/Textures/Forearm_armor/forearm_Low_SPIRAL_BaseColor.uasset" 261
"../../../../../../Users/etudiant/Documents/PPJ/ProjectUnreal/TABProject11/Content/PFE/Hands/Textures/Forearm_armor/forearm_Low_SPIRAL_Normal.uasset" 262
"../../../../../../Users/etudiant/Documents/PPJ/ProjectUnreal/TABProject11/Content/PFE/Hands/Textures/Forearm_armor/forearm_Low_SPIRAL_Roughness.uasset" 263
"../../../../../../Users/etudiant/Documents/PPJ/ProjectUnreal/TABProject11/Content/PFE/Hands/Materials/Forearm_SPIRAL.uasset" 264
"../../../../../../Users/etudiant/Documents/PPJ/ProjectUnreal/TABProject11/Content/PFE/Hands/Textures/Hand/Ongles_Base_Color.uasset" 265
"../../../../../../Users/etudiant/Documents/PPJ/ProjectUnreal/TABProject11/Content/PFE/Hands/Textures/Hand/Ongles_Height.uasset" 266
"../../../../../../Users/etudiant/Documents/PPJ/ProjectUnreal/TABProject11/Content/PFE/Hands/Textures/Hand/Ongles_Metallic.uasset" 267
"../../../../../../Users/etudiant/Documents/PPJ/ProjectUnreal/TABProject11/Content/PFE/Hands/Textures/Hand/Ongles_Mixed_AO.uasset" 268
"../../../../../../Users/etudiant/Documents/PPJ/ProjectUnreal/TABProject11/Content/PFE/Hands/Textures/Hand/Ongles_Roughness.uasset" 269
"../../../../../../Users/etudiant/Documents/PPJ/ProjectUnreal/TABProject11/Content/PFE/Hands/Materials/HAND_ONGLES.uasset" 270
"../../../../../../Users/etudiant/Documents/PPJ/ProjectUnreal/TABProject11/Content/PFE/Hands/Textures/Hand/Shell_Base_Color.uasset" 271
"../../../../../../Users/etudiant/Documents/PPJ/ProjectUnreal/TABProject11/Content/PFE/Hands/Textures/Hand/Shell_Mixed_AO.uasset" 272
"../../../../../../Users/etudiant/Documents/PPJ/ProjectUnreal/TABProject11/Content/PFE/Hands/Textures/Hand/Shell_Roughness.uasset" 273
"../../../../../../Users/etudiant/Documents/PPJ/ProjectUnreal/TABProject11/Content/PFE/Hands/Materials/hand_SHELL.uasset" 274
"../../../../../../Users/etudiant/Documents/PPJ/ProjectUnreal/TABProject11/Content/PFE/Hands/Textures/Hand/Skin_Base_Color.uasset" 275
"../../../../../../Users/etudiant/Documents/PPJ/ProjectUnreal/TABProject11/Content/PFE/Hands/Textures/Hand/Skin_Emissive.uasset" 276
"../../../../../../Users/etudiant/Documents/PPJ/ProjectUnreal/TABProject11/Content/PFE/Hands/Textures/Hand/Skin_Mixed_AO.uasset" 277
"../../../../../../Users/etudiant/Documents/PPJ/ProjectUnreal/TABProject11/Content/PFE/Hands/Textures/Hand/Skin_Normal_OpenGL.uasset" 278
"../../../../../../Users/etudiant/Documents/PPJ/ProjectUnreal/TABProject11/Content/PFE/Hands/Materials/Hand_SKIN.uasset" 279
"../../../../../../Users/etudiant/Documents/PPJ/ProjectUnreal/TABProject11/Content/PFE/Hands/Textures/Forearm_armor/forearm_Low_TOP_BaseColor.uasset" 280
"../../../../../../Users/etudiant/Documents/PPJ/ProjectUnreal/TABProject11/Content/PFE/Hands/Textures/Forearm_armor/forearm_Low_TOP_Emissive.uasset" 281
"../../../../../../Users/etudiant/Documents/PPJ/ProjectUnreal/TABProject11/Content/PFE/Hands/Textures/Forearm_armor/forearm_Low_TOP_Normal.uasset" 282
"../../../../../../Users/etudiant/Documents/PPJ/ProjectUnreal/TABProject11/Content/PFE/Hands/Textures/Forearm_armor/forearm_Low_TOP_Roughness.uasset" 283
"../../../../../../Users/etudiant/Documents/PPJ/ProjectUnreal/TABProject11/Content/PFE/Hands/Materials/Forearm_TOP.uasset" 284
"../../../../../../Users/etudiant/Documents/PPJ/ProjectUnreal/TABProject11/Content/PFE/Hands/Materials/Emissive_controller.uasset" 285
"../../../../../../Users/etudiant/Documents/PPJ/ProjectUnreal/TABProject11/Content/PFE/Hands/Materials/Sphere_Emissive.uasset" 286
"../../../../../../Users/etudiant/Documents/PPJ/ProjectUnreal/TABProject11/Content/PFE/Hands/Materials/Sphere_Emissive_CTRL.uasset" 287
"../../../../../../Users/etudiant/Documents/PPJ/ProjectUnreal/TABProject11/Content/PFE/Hands/Meshes/Hand+ForearmArmor_PhysicsAsset.uasset" 288
"../../../../../../Users/etudiant/Documents/PPJ/ProjectUnreal/TABProject11/Content/PFE/Hands/Meshes/Hand+ForearmArmor.uasset" 289
"../../../../../../Users/etudiant/Documents/PPJ/ProjectUnreal/TABProject11/Content/PFE/Hands/Meshes/HandL.uasset" 290
"../../../../../../Users/etudiant/Documents/PPJ/ProjectUnreal/TABProject11/Content/PFE/Hands/Meshes/HandR.uasset" 291
"../../../../../../Users/etudiant/Documents/PPJ/ProjectUnreal/TABProject11/Content/VRTemplate/ExampleContent/VR_World_Interaction/Blueprints/Interfaces/BPI_WorldInteractive.uasset" 292
"../../../../../../Users/etudiant/Documents/PPJ/ProjectUnreal/TABProject11/Content/VRTemplate/ExampleContent/VR_World_Interaction/Blueprints/Components/BPC_WorldInteractor.uasset" 293
"../../../Engine/Content/Functions/Engine_MaterialFunctions01/Texturing/ScaleUVsByCenter.uasset" 294
"../../../Engine/Content/Functions/Engine_MaterialFunctions02/ScreenResolution.uasset" 295
"../../../Engine/Content/Functions/Engine_MaterialFunctions02/Texturing/ScreenAlignedUVs.uasset" 296
"../../../Engine/Content/Functions/Engine_MaterialFunctions02/Utility/CameraDirectionVector.uasset" 297
"../../../Engine/Content/Functions/Engine_MaterialFunctions02/Utility/DepthFromWorldPosition.uasset" 298
"../../../../../../Users/etudiant/Documents/PPJ/ProjectUnreal/TABProject11/Content/VirtualReality/Materials/MF_OccludedPixels.uasset" 299
"../../../../../../Users/etudiant/Documents/PPJ/ProjectUnreal/TABProject11/Content/VirtualReality/Materials/TeleportMCP.uasset" 300
"../../../Engine/Content/EngineMaterials/Good64x64TilingNoiseHighFreq.uasset" 301
"../../../../../../Users/etudiant/Documents/PPJ/ProjectUnreal/TABProject11/Content/VirtualReality/Materials/M_ArcEndpoint.uasset" 302
"../../../../../../Users/etudiant/Documents/PPJ/ProjectUnreal/TABProject11/Content/VRTemplate/ExampleContent/VR_Trace_Interaction/Materials/M_TeleportArea.uasset" 303
"../../../../../../Users/etudiant/Documents/PPJ/ProjectUnreal/TABProject11/Content/PFE/Blueprint/J1/BP_WorldInteractionPawn.uasset" 304
"../../../Engine/Content/EngineSky/C_Sky_Cloud_Color.uasset" 305
"../../../Engine/Content/EngineSky/C_Sky_Horizon_Color.uasset" 306
"../../../Engine/Content/EngineSky/C_Sky_Zenith_Color.uasset" 307
"../../../Engine/Content/EngineSky/T_Sky_Blue.uasset" 308
"../../../Engine/Content/EngineSky/T_Sky_Clouds_M.uasset" 309
"../../../Engine/Content/EngineSky/T_Sky_Stars.uasset" 310
"../../../Engine/Content/EngineSky/M_Sky_Panning_Clouds2.uasset" 311
"../../../Engine/Content/EngineSky/SM_SkySphere.uasset" 312
"../../../Engine/Content/EngineSky/BP_Sky_Sphere.uasset" 313
"../../../../../../Users/etudiant/Documents/PPJ/ProjectUnreal/TABProject11/Content/PFE/Blueprint/AI/AIGlobal/KillerBlackboard.uasset" 314
"../../../../../../Users/etudiant/Documents/PPJ/ProjectUnreal/TABProject11/Content/PFE/Blueprint/AI/AIGlobal/BT_KillerCalculateMoveLocation.uasset" 315
"../../../../../../Users/etudiant/Documents/PPJ/ProjectUnreal/TABProject11/Content/PFE/Blueprint/AI/AIGlobal/BTT_KillerStrafeAroundPlayer.uasset" 316
"../../../../../../Users/etudiant/Documents/PPJ/ProjectUnreal/TABProject11/Content/PFE/Blueprint/AI/AIGlobal/BT_KillerBehaviorTree.uasset" 317
"../../../../../../Users/etudiant/Documents/PPJ/ProjectUnreal/TABProject11/Content/PFE/Blueprint/AI/AIGlobal/BP_Enemy_TrooperAI.uasset" 318
"../../../../../../Users/etudiant/Documents/PPJ/ProjectUnreal/TABProject11/Content/PFE/Blueprint/Multiplayer/Objectives.uasset" 319
"../../../../../../Users/etudiant/Documents/PPJ/ProjectUnreal/TABProject11/Content/PFE/Material/FX/Disint/Disint.uasset" 320
"../../../../../../Users/etudiant/Documents/PPJ/ProjectUnreal/TABProject11/Content/StarterContent/Textures/T_Fire_Tiled_D.uasset" 321
"../../../../../../Users/etudiant/Documents/PPJ/ProjectUnreal/TABProject11/Content/StarterContent/Textures/T_Wood_Oak_D.uasset" 322
"../../../../../../Users/etudiant/Documents/PPJ/ProjectUnreal/TABProject11/Content/StarterContent/Textures/T_Wood_Oak_N.uasset" 323
"../../../../../../Users/etudiant/Documents/PPJ/ProjectUnreal/TABProject11/Content/StarterContent/Materials/M_Wood_Oak.uasset" 324
"../../../../../../Users/etudiant/Documents/PPJ/ProjectUnreal/TABProject11/Content/PFE/Material/FX/Disint/MaterialDissolve.uasset" 325
"../../../Engine/Content/Functions/Engine_MaterialFunctions02/Utility/BlendAngleCorrectedNormals.uasset" 326
"../../../Engine/Content/Functions/MaterialLayerFunctions/MatLayerBlend_NormalBlend.uasset" 327
"../../../Engine/Content/Functions/MaterialLayerFunctions/MatLayerBlend_Simple.uasset" 328
"../../../../../../Users/etudiant/Documents/PPJ/ProjectUnreal/TABProject11/Content/VRTemplate/Mannequin/Character/Materials/MaterialLayers/T_ML_Rubber_Blue_01_D.uasset" 329
"../../../../../../Users/etudiant/Documents/PPJ/ProjectUnreal/TABProject11/Content/VRTemplate/Mannequin/Character/Materials/MaterialLayers/T_ML_Rubber_Blue_01_N.uasset" 330
"../../../../../../Users/etudiant/Documents/PPJ/ProjectUnreal/TABProject11/Content/VRTemplate/Mannequin/Character/Materials/MaterialLayers/ML_GlossyBlack_Latex_UE4.uasset" 331
"../../../../../../Users/etudiant/Documents/PPJ/ProjectUnreal/TABProject11/Content/VRTemplate/Mannequin/Character/Materials/MaterialLayers/ML_Plastic_Shiny_Beige.uasset" 332
"../../../../../../Users/etudiant/Documents/PPJ/ProjectUnreal/TABProject11/Content/VRTemplate/Mannequin/Character/Textures/UE4_LOGO_CARD.uasset" 333
"../../../../../../Users/etudiant/Documents/PPJ/ProjectUnreal/TABProject11/Content/VRTemplate/Mannequin/Character/Materials/MaterialLayers/ML_Plastic_Shiny_Beige_LOGO.uasset" 334
"../../../../../../Users/etudiant/Documents/PPJ/ProjectUnreal/TABProject11/Content/VRTemplate/Mannequin/Character/Materials/MaterialLayers/T_ML_Aluminum01.uasset" 335
"../../../../../../Users/etudiant/Documents/PPJ/ProjectUnreal/TABProject11/Content/VRTemplate/Mannequin/Character/Materials/MaterialLayers/T_ML_Aluminum01_N.uasset" 336
"../../../../../../Users/etudiant/Documents/PPJ/ProjectUnreal/TABProject11/Content/VRTemplate/Mannequin/Character/Materials/MaterialLayers/ML_SoftMetal_UE4.uasset" 337
"../../../../../../Users/etudiant/Documents/PPJ/ProjectUnreal/TABProject11/Content/VRTemplate/Mannequin/Character/Textures/UE4_Mannequin__normals.uasset" 338
"../../../../../../Users/etudiant/Documents/PPJ/ProjectUnreal/TABProject11/Content/VRTemplate/Mannequin/Character/Textures/UE4_Mannequin_MAT_MASKA.uasset" 339
"../../../../../../Users/etudiant/Documents/PPJ/ProjectUnreal/TABProject11/Content/VRTemplate/Mannequin/Character/Materials/M_UE4Man_Body.uasset" 340
"../../../../../../Users/etudiant/Documents/PPJ/ProjectUnreal/TABProject11/Content/VRTemplate/Mannequin/Character/Textures/UE4Man_Logo_N.uasset" 341
"../../../../../../Users/etudiant/Documents/PPJ/ProjectUnreal/TABProject11/Content/VRTemplate/Mannequin/Character/Materials/M_UE4Man_ChestLogo.uasset" 342
"../../../../../../Users/etudiant/Documents/PPJ/ProjectUnreal/TABProject11/Content/VRTemplate/Mannequin/Character/Mesh/SK_Mannequin_PhysicsAsset.uasset" 343
"../../../../../../Users/etudiant/Documents/PPJ/ProjectUnreal/TABProject11/Content/VRTemplate/Mannequin/Character/Mesh/UE4_Mannequin_Skeleton.uasset" 344
"../../../../../../Users/etudiant/Documents/PPJ/ProjectUnreal/TABProject11/Content/VRTemplate/Mannequin/Character/Mesh/SK_Mannequin.uasset" 345
"../../../../../../Users/etudiant/Documents/PPJ/ProjectUnreal/TABProject11/Content/PFE/Blueprint/AI/AIGlobal/BP_BaseEnemy.uasset" 346
"../../../../../../Users/etudiant/Documents/PPJ/ProjectUnreal/TABProject11/Content/PFE/Blueprint/BulletsOrWeapon/Bullets/LaserIA.uasset" 347
"../../../../../../Users/etudiant/Documents/PPJ/ProjectUnreal/TABProject11/Content/PFE/Blueprint/AI/AIFocusP1/BP_Infantry.uasset" 348
"../../../../../../Users/etudiant/Documents/PPJ/ProjectUnreal/TABProject11/Content/PFE/Blueprint/AI/AIFocusP2/BP_AntiJ2_W1.uasset" 349
"../../../../../../Users/etudiant/Documents/PPJ/ProjectUnreal/TABProject11/Content/PFE/Blueprint/AI/AIFocusP1/BP_InfantryW2.uasset" 350
"../../../../../../Users/etudiant/Documents/PPJ/ProjectUnreal/TABProject11/Content/PFE/Blueprint/AI/AIFocusP2/BP_AntiJ2_W2.uasset" 351
"../../../../../../Users/etudiant/Documents/PPJ/ProjectUnreal/TABProject11/Content/StarterContent/Textures/T_Tech_Hex_Tile_M.uasset" 352
"../../../../../../Users/etudiant/Documents/PPJ/ProjectUnreal/TABProject11/Content/PFE/Material/Shield/forceshield_M.uasset" 353
"../../../../../../Users/etudiant/Documents/PPJ/ProjectUnreal/TABProject11/Content/PFE/Material/Shield/forceshield_M_Inst.uasset" 354
"../../../Engine/Content/BasicShapes/Plane.uasset" 355
"../../../../../../Users/etudiant/Documents/PPJ/ProjectUnreal/TABProject11/Content/PFE/Blueprint/BulletsOrWeapon/Weapons/ForceFildW2.uasset" 356
"../../../../../../Users/etudiant/Documents/PPJ/ProjectUnreal/TABProject11/Content/PFE/Blueprint/AI/AIGlobal/Spawner/EnemySpawnerW2.uasset" 357
"../../../../../../Users/etudiant/Documents/PPJ/ProjectUnreal/TABProject11/Content/PFE/Blueprint/AI/AIFocusP1/BP_InfantryW3.uasset" 358
"../../../../../../Users/etudiant/Documents/PPJ/ProjectUnreal/TABProject11/Content/PFE/Blueprint/AI/AIFocusP2/BP_AntiJ2_W3.uasset" 359
"../../../../../../Users/etudiant/Documents/PPJ/ProjectUnreal/TABProject11/Content/PFE/Blueprint/BulletsOrWeapon/Weapons/ForceFildW3.uasset" 360
"../../../../../../Users/etudiant/Documents/PPJ/ProjectUnreal/TABProject11/Content/PFE/Blueprint/AI/AIGlobal/Spawner/EnemySpawnerW3.uasset" 361
"../../../../../../Users/etudiant/Documents/PPJ/ProjectUnreal/TABProject11/Content/PFE/Blueprint/Widget/Waves/5sBeforeFight.uasset" 362
"../../../../../../Users/etudiant/Documents/PPJ/ProjectUnreal/TABProject11/Content/PFE/Blueprint/Widget/Waves/ReadyDef.uasset" 363
"../../../../../../Users/etudiant/Documents/PPJ/ProjectUnreal/TABProject11/Content/PFE/Blueprint/AI/AIGlobal/Spawner/EnemySpawner_DefReady.uasset" 364
"../../../../../../Users/etudiant/Documents/PPJ/ProjectUnreal/TABProject11/Content/PFE/Blueprint/AI/AIGlobal/Spawner/EnemySpawner.uasset" 365
"../../../../../../Users/etudiant/Documents/PPJ/ProjectUnreal/TABProject11/Content/PFE/Blueprint/GameInstance/VRMultiGamemode.uasset" 366
"../../../../../../Users/etudiant/Documents/PPJ/ProjectUnreal/TABProject11/Content/PFE/Blueprint/Widget/HUB/TitleMissionsSelect.uasset" 367
"../../../../../../Users/etudiant/Documents/PPJ/ProjectUnreal/TABProject11/Content/PFE/Blueprint/HUB/LauncherMission.uasset" 368
"../../../../../../Users/etudiant/Documents/PPJ/ProjectUnreal/TABProject11/Content/PFE/Blueprint/Widget/TitleQuit.uasset" 369
"../../../../../../Users/etudiant/Documents/PPJ/ProjectUnreal/TABProject11/Content/PFE/Blueprint/HUB/QuitGame.uasset" 370
"../../../../../../Users/etudiant/Documents/PPJ/ProjectUnreal/TABProject11/Content/PFE/Blueprint/Widget/HUB/TitleQuittoMenu.uasset" 371
"../../../../../../Users/etudiant/Documents/PPJ/ProjectUnreal/TABProject11/Content/PFE/Blueprint/HUB/QuitGameToMenu.uasset" 372
"../../../../../../Users/etudiant/Documents/PPJ/ProjectUnreal/TABProject11/Content/PFE/Blueprint/Widget/HUB/TitleChallengesSelect.uasset" 373
"../../../../../../Users/etudiant/Documents/PPJ/ProjectUnreal/TABProject11/Content/PFE/Blueprint/HUB/SelectChallenge.uasset" 374
"../../../../../../Users/etudiant/Documents/PPJ/ProjectUnreal/TABProject11/Content/PFE/Blueprint/HUB/SubButton/ButtonClaw.uasset" 375
"../../../../../../Users/etudiant/Documents/PPJ/ProjectUnreal/TABProject11/Content/PFE/Blueprint/HUB/SubButton/ButtonSword.uasset" 376
"../../../../../../Users/etudiant/Documents/PPJ/ProjectUnreal/TABProject11/Content/PFE/Blueprint/Widget/HUB/TitleUpgradeShop.uasset" 377
"../../../../../../Users/etudiant/Documents/PPJ/ProjectUnreal/TABProject11/Content/PFE/Blueprint/HUB/UpgradeShop.uasset" 378
"../../../../../../Users/etudiant/Documents/PPJ/ProjectUnreal/TABProject11/Content/PFE/Blueprint/Widget/HUB/TitleWeaponSelect.uasset" 379
"../../../../../../Users/etudiant/Documents/PPJ/ProjectUnreal/TABProject11/Content/PFE/Blueprint/HUB/WeaponSelect.uasset" 380
"../../../../../../Users/etudiant/Documents/PPJ/ProjectUnreal/TABProject11/Content/PFE/Levels/HubVR_BuiltData.uasset" 381
"../../../../../../Users/etudiant/Documents/PPJ/ProjectUnreal/TABProject11/Content/Geometry/Meshes/CubeMaterial.uasset" 382
"../../../../../../Users/etudiant/Documents/PPJ/ProjectUnreal/TABProject11/Content/PFE/Material/Ping/CustomDepth.uasset" 383
"../../../../../../Users/etudiant/Documents/PPJ/ProjectUnreal/TABProject11/Content/PFE/Material/Ping/CustomDepth_Inst.uasset" 384
"../../../../../../Users/etudiant/Documents/PPJ/ProjectUnreal/TABProject11/Content/PFE/Levels/Level_elements/TOWER_V01.uasset" 385
"../../../../../../Users/etudiant/Documents/PPJ/ProjectUnreal/TABProject11/Content/PFE/Levels/HubVR.umap" 386
"../../../../../../Users/etudiant/Documents/PPJ/ProjectUnreal/TABProject11/Content/PFE/Blueprint/Widget/Waves/Cantlaunch.uasset" 387
"../../../../../../Users/etudiant/Documents/PPJ/ProjectUnreal/TABProject11/Content/PFE/Blueprint/Widget/Waves/Ready.uasset" 388
"../../../../../../Users/etudiant/Documents/PPJ/ProjectUnreal/TABProject11/Content/PFE/Blueprint/AI/AIGlobal/Spawner/EnemySpawnerW2_ReadyAssault.uasset" 389
"../../../../../../Users/etudiant/Documents/PPJ/ProjectUnreal/TABProject11/Content/PFE/Blueprint/AI/AIGlobal/Spawner/EnemySpawnerW3_ReadyAssault.uasset" 390
"../../../../../../Users/etudiant/Documents/PPJ/ProjectUnreal/TABProject11/Content/PFE/Blueprint/BulletsOrWeapon/Weapons/ForceFieldBP.uasset" 391
"../../../../../../Users/etudiant/Documents/PPJ/ProjectUnreal/TABProject11/Content/PFE/Blueprint/J2/SlotP2TurretMode.uasset" 392
"../../../../../../Users/etudiant/Documents/PPJ/ProjectUnreal/TABProject11/Content/PFE/Levels/Level1_BuiltData.uasset" 393
"../../../../../../Users/etudiant/Documents/PPJ/ProjectUnreal/TABProject11/Content/VRTemplate/ExampleContent/VR_World_Interaction/Materials/M_BasicCubeMaterial.uasset" 394
"../../../../../../Users/etudiant/Documents/PPJ/ProjectUnreal/TABProject11/Content/PFE/Blueprint/AI/AIGlobal/lambert1.uasset" 395
"../../../../../../Users/etudiant/Documents/PPJ/ProjectUnreal/TABProject11/Content/PFE/Blueprint/AI/AIGlobal/LittleCamp.uasset" 396
"../../../../../../Users/etudiant/Documents/PPJ/ProjectUnreal/TABProject11/Content/PFE/Levels/Level1.umap" 397
"../../../../../../Users/etudiant/Documents/PPJ/ProjectUnreal/TABProject11/Content/PFE/Blueprint/Widget/Multiplayer/M_FindButton.uasset" 398
"../../../../../../Users/etudiant/Documents/PPJ/ProjectUnreal/TABProject11/Content/PFE/Blueprint/Widget/Multiplayer/M_ServerBrowser.uasset" 399
"../../../../../../Users/etudiant/Documents/PPJ/ProjectUnreal/TABProject11/Content/PFE/Blueprint/Widget/Multiplayer/MainMenu.uasset" 400
"../../../../../../Users/etudiant/Documents/PPJ/ProjectUnreal/TABProject11/Content/PFE/Levels/MainMenu.umap" 401
"../../../../../../Users/etudiant/Documents/PPJ/ProjectUnreal/TABProject11/Content/PFE/Blueprint/HUB/MainMenu/Locator.uasset" 402
"../../../../../../Users/etudiant/Documents/PPJ/ProjectUnreal/TABProject11/Content/PFE/Blueprint/Widget/TitleOptions.uasset" 403
"../../../../../../Users/etudiant/Documents/PPJ/ProjectUnreal/TABProject11/Content/PFE/Blueprint/HUB/MainMenu/OptionsButton.uasset" 404
"../../../../../../Users/etudiant/Documents/PPJ/ProjectUnreal/TABProject11/Content/PFE/Blueprint/Widget/TitlePlay.uasset" 405
"../../../../../../Users/etudiant/Documents/PPJ/ProjectUnreal/TABProject11/Content/PFE/Blueprint/HUB/MainMenu/PlayButton.uasset" 406
"../../../../../../Users/etudiant/Documents/PPJ/ProjectUnreal/TABProject11/Content/PFE/Blueprint/Widget/TitlePractice.uasset" 407
"../../../../../../Users/etudiant/Documents/PPJ/ProjectUnreal/TABProject11/Content/PFE/Blueprint/HUB/MainMenu/PracticeButton.uasset" 408
"../../../../../../Users/etudiant/Documents/PPJ/ProjectUnreal/TABProject11/Content/PFE/Blueprint/HUB/MainMenu/QuitButton.uasset" 409
"../../../../../../Users/etudiant/Documents/PPJ/ProjectUnreal/TABProject11/Content/PFE/Levels/MenuVR_BuiltData.uasset" 410
"../../../../../../Users/etudiant/Documents/PPJ/ProjectUnreal/TABProject11/Content/PFE/Levels/MenuVR.umap" 411
"../../../../../../Users/etudiant/Documents/PPJ/ProjectUnreal/TABProject11/Content/PFE/Ajeter/AI/AICharacter_Controller.uasset" 412
"../../../../../../Users/etudiant/Documents/PPJ/ProjectUnreal/TABProject11/Content/PFE/Ajeter/AI/IA_Enemy.uasset" 413
"../../../../../../Users/etudiant/Documents/PPJ/ProjectUnreal/TABProject11/Content/PFE/Ajeter/AI/WaypointActor.uasset" 414
"../../../../../../Users/etudiant/Documents/PPJ/ProjectUnreal/TABProject11/Content/StarterContent/Materials/M_Basic_Wall.uasset" 415
"../../../../../../Users/etudiant/Documents/PPJ/ProjectUnreal/TABProject11/Content/StarterContent/Shapes/Shape_Sphere.uasset" 416
"../../../../../../Users/etudiant/Documents/PPJ/ProjectUnreal/TABProject11/Content/PFE/Blueprint/Cristals/CrystalLife.uasset" 417
"../../../../../../Users/etudiant/Documents/PPJ/ProjectUnreal/TABProject11/Content/PFE/Levels/SceneCoreFeat_BuiltData.uasset" 418
"../../../../../../Users/etudiant/Documents/PPJ/ProjectUnreal/TABProject11/Content/PFE/Levels/SceneCoreFeat.umap" 419
"../../../Engine/Content/Maps/Entry_BuiltData.uasset" 420
"../../../Engine/Content/Maps/Entry.umap" 421
